[2024-05-12T14:25:34.063+0000] {local_task_job_runner.py:120} INFO - ::group::Pre task execution logs
[2024-05-12T14:25:34.081+0000] {taskinstance.py:2076} INFO - Dependencies all met for dep_context=non-requeueable deps ti=<TaskInstance: web_article_scraping.load manual__2024-05-12T14:21:34.924437+00:00 [queued]>
[2024-05-12T14:25:34.088+0000] {taskinstance.py:2076} INFO - Dependencies all met for dep_context=requeueable deps ti=<TaskInstance: web_article_scraping.load manual__2024-05-12T14:21:34.924437+00:00 [queued]>
[2024-05-12T14:25:34.088+0000] {taskinstance.py:2306} INFO - Starting attempt 1 of 1
[2024-05-12T14:25:34.101+0000] {taskinstance.py:2330} INFO - Executing <Task(PythonOperator): load> on 2024-05-12 14:21:34.924437+00:00
[2024-05-12T14:25:34.107+0000] {warnings.py:110} WARNING - /home/***/.local/lib/python3.12/site-packages/***/task/task_runner/standard_task_runner.py:61: DeprecationWarning: This process (pid=3310) is multi-threaded, use of fork() may lead to deadlocks in the child.
  pid = os.fork()

[2024-05-12T14:25:34.109+0000] {standard_task_runner.py:63} INFO - Started process 3312 to run task
[2024-05-12T14:25:34.109+0000] {standard_task_runner.py:90} INFO - Running: ['***', 'tasks', 'run', 'web_article_scraping', 'load', 'manual__2024-05-12T14:21:34.924437+00:00', '--job-id', '43', '--raw', '--subdir', 'DAGS_FOLDER/mlops_dag.py', '--cfg-path', '/tmp/tmpeiydu448']
[2024-05-12T14:25:34.110+0000] {standard_task_runner.py:91} INFO - Job 43: Subtask load
[2024-05-12T14:25:34.144+0000] {task_command.py:426} INFO - Running <TaskInstance: web_article_scraping.load manual__2024-05-12T14:21:34.924437+00:00 [running]> on host 8b349270b58a
[2024-05-12T14:25:34.203+0000] {taskinstance.py:2648} INFO - Exporting env vars: AIRFLOW_CTX_DAG_OWNER='***' AIRFLOW_CTX_DAG_ID='web_article_scraping' AIRFLOW_CTX_TASK_ID='load' AIRFLOW_CTX_EXECUTION_DATE='2024-05-12T14:21:34.924437+00:00' AIRFLOW_CTX_TRY_NUMBER='1' AIRFLOW_CTX_DAG_RUN_ID='manual__2024-05-12T14:21:34.924437+00:00'
[2024-05-12T14:25:34.205+0000] {taskinstance.py:430} INFO - ::endgroup::
[2024-05-12T14:25:35.707+0000] {mlops_dag.py:33} WARNING - No valid title or description for URL: https://www.bbc.com/news/articles/c4n14merj97o
[2024-05-12T14:25:35.708+0000] {mlops_dag.py:77} INFO - No data extracted for https://www.bbc.com/news/articles/c4n14merj97o
[2024-05-12T14:25:35.890+0000] {mlops_dag.py:33} WARNING - No valid title or description for URL: https://www.bbc.com/news/world-europe-68998913
[2024-05-12T14:25:35.892+0000] {mlops_dag.py:77} INFO - No data extracted for https://www.bbc.com/news/world-europe-68998913
[2024-05-12T14:25:36.061+0000] {mlops_dag.py:33} WARNING - No valid title or description for URL: https://www.bbc.com/news/articles/c4n14merj97o
[2024-05-12T14:25:36.062+0000] {mlops_dag.py:77} INFO - No data extracted for https://www.bbc.com/news/articles/c4n14merj97o
[2024-05-12T14:25:36.230+0000] {mlops_dag.py:33} WARNING - No valid title or description for URL: https://www.bbc.com/news/world-europe-68998913
[2024-05-12T14:25:36.232+0000] {mlops_dag.py:77} INFO - No data extracted for https://www.bbc.com/news/world-europe-68998913
[2024-05-12T14:25:36.400+0000] {mlops_dag.py:33} WARNING - No valid title or description for URL: https://www.bbc.com/news/uk-politics-68999212
[2024-05-12T14:25:36.401+0000] {mlops_dag.py:77} INFO - No data extracted for https://www.bbc.com/news/uk-politics-68999212
[2024-05-12T14:25:36.567+0000] {mlops_dag.py:33} WARNING - No valid title or description for URL: https://www.bbc.com/news/world-us-canada-68996066
[2024-05-12T14:25:36.569+0000] {mlops_dag.py:77} INFO - No data extracted for https://www.bbc.com/news/world-us-canada-68996066
[2024-05-12T14:25:36.745+0000] {mlops_dag.py:33} WARNING - No valid title or description for URL: https://www.bbc.com/news/world-us-canada-68991796
[2024-05-12T14:25:36.747+0000] {mlops_dag.py:77} INFO - No data extracted for https://www.bbc.com/news/world-us-canada-68991796
[2024-05-12T14:25:37.290+0000] {mlops_dag.py:33} WARNING - No valid title or description for URL: https://www.bbc.com/news/world-us-canada-68993672
[2024-05-12T14:25:37.292+0000] {mlops_dag.py:77} INFO - No data extracted for https://www.bbc.com/news/world-us-canada-68993672
[2024-05-12T14:25:37.462+0000] {mlops_dag.py:33} WARNING - No valid title or description for URL: https://www.bbc.com/future/article/20240510-change-6-is-just-the-tip-of-chinas-space-ambitions
[2024-05-12T14:25:37.464+0000] {mlops_dag.py:77} INFO - No data extracted for https://www.bbc.com/future/article/20240510-change-6-is-just-the-tip-of-chinas-space-ambitions
[2024-05-12T14:25:37.638+0000] {mlops_dag.py:33} WARNING - No valid title or description for URL: https://www.bbc.com/culture/article/20240510-abba-was-somewhat-of-a-dirty-word-how-the-pop-bands-1974-eurovision-win-divided-sweden
[2024-05-12T14:25:37.639+0000] {mlops_dag.py:77} INFO - No data extracted for https://www.bbc.com/culture/article/20240510-abba-was-somewhat-of-a-dirty-word-how-the-pop-bands-1974-eurovision-win-divided-sweden
[2024-05-12T14:25:37.808+0000] {mlops_dag.py:33} WARNING - No valid title or description for URL: https://www.bbc.com/news/articles/cyxepvdewkno
[2024-05-12T14:25:37.809+0000] {mlops_dag.py:77} INFO - No data extracted for https://www.bbc.com/news/articles/cyxepvdewkno
[2024-05-12T14:25:37.977+0000] {mlops_dag.py:33} WARNING - No valid title or description for URL: https://www.bbc.com/news/articles/crgy7xypwj8o
[2024-05-12T14:25:37.979+0000] {mlops_dag.py:77} INFO - No data extracted for https://www.bbc.com/news/articles/crgy7xypwj8o
[2024-05-12T14:25:38.380+0000] {mlops_dag.py:33} WARNING - No valid title or description for URL: https://www.bbc.com/news/world-asia-india-68767574
[2024-05-12T14:25:38.381+0000] {mlops_dag.py:77} INFO - No data extracted for https://www.bbc.com/news/world-asia-india-68767574
[2024-05-12T14:25:38.557+0000] {mlops_dag.py:33} WARNING - No valid title or description for URL: https://www.bbc.com/news/world-asia-china-68982645
[2024-05-12T14:25:38.559+0000] {mlops_dag.py:77} INFO - No data extracted for https://www.bbc.com/news/world-asia-china-68982645
[2024-05-12T14:25:38.750+0000] {mlops_dag.py:33} WARNING - No valid title or description for URL: https://www.bbc.com/news/articles/crgy7xypwj8o
[2024-05-12T14:25:38.752+0000] {mlops_dag.py:77} INFO - No data extracted for https://www.bbc.com/news/articles/crgy7xypwj8o
[2024-05-12T14:25:38.925+0000] {mlops_dag.py:33} WARNING - No valid title or description for URL: https://www.bbc.com/news/articles/c4n1l9g2wn9o
[2024-05-12T14:25:38.927+0000] {mlops_dag.py:77} INFO - No data extracted for https://www.bbc.com/news/articles/c4n1l9g2wn9o
[2024-05-12T14:25:39.100+0000] {mlops_dag.py:33} WARNING - No valid title or description for URL: https://www.bbc.com/news/world-asia-india-68968593
[2024-05-12T14:25:39.101+0000] {mlops_dag.py:77} INFO - No data extracted for https://www.bbc.com/news/world-asia-india-68968593
[2024-05-12T14:25:39.268+0000] {mlops_dag.py:33} WARNING - No valid title or description for URL: https://www.bbc.com/news/articles/cg67w73nxqxo
[2024-05-12T14:25:39.270+0000] {mlops_dag.py:77} INFO - No data extracted for https://www.bbc.com/news/articles/cg67w73nxqxo
[2024-05-12T14:25:41.108+0000] {mlops_dag.py:33} WARNING - No valid title or description for URL: https://www.bbc.com/news/business-68977522
[2024-05-12T14:25:41.110+0000] {mlops_dag.py:77} INFO - No data extracted for https://www.bbc.com/news/business-68977522
[2024-05-12T14:25:41.286+0000] {mlops_dag.py:33} WARNING - No valid title or description for URL: https://www.bbc.com/news/in-pictures-68995685
[2024-05-12T14:25:41.287+0000] {mlops_dag.py:77} INFO - No data extracted for https://www.bbc.com/news/in-pictures-68995685
[2024-05-12T14:25:41.455+0000] {mlops_dag.py:33} WARNING - No valid title or description for URL: https://www.bbc.com/news/uk-politics-68999212
[2024-05-12T14:25:41.456+0000] {mlops_dag.py:77} INFO - No data extracted for https://www.bbc.com/news/uk-politics-68999212
[2024-05-12T14:25:41.875+0000] {mlops_dag.py:33} WARNING - No valid title or description for URL: https://www.bbc.com/news/world-middle-east-68998654
[2024-05-12T14:25:41.877+0000] {mlops_dag.py:77} INFO - No data extracted for https://www.bbc.com/news/world-middle-east-68998654
[2024-05-12T14:25:42.044+0000] {mlops_dag.py:33} WARNING - No valid title or description for URL: https://www.bbc.com/news/articles/cer3mr09vzxo
[2024-05-12T14:25:42.045+0000] {mlops_dag.py:77} INFO - No data extracted for https://www.bbc.com/news/articles/cer3mr09vzxo
[2024-05-12T14:25:43.810+0000] {mlops_dag.py:33} WARNING - No valid title or description for URL: https://www.bbc.com/news/articles/c72p0xx410xo
[2024-05-12T14:25:43.811+0000] {mlops_dag.py:77} INFO - No data extracted for https://www.bbc.com/news/articles/c72p0xx410xo
[2024-05-12T14:25:44.210+0000] {mlops_dag.py:33} WARNING - No valid title or description for URL: https://www.bbc.com/news/world-europe-68998913
[2024-05-12T14:25:44.211+0000] {mlops_dag.py:77} INFO - No data extracted for https://www.bbc.com/news/world-europe-68998913
[2024-05-12T14:25:44.379+0000] {mlops_dag.py:33} WARNING - No valid title or description for URL: https://www.bbc.com/news/world-europe-68994877
[2024-05-12T14:25:44.381+0000] {mlops_dag.py:77} INFO - No data extracted for https://www.bbc.com/news/world-europe-68994877
[2024-05-12T14:25:44.549+0000] {mlops_dag.py:33} WARNING - No valid title or description for URL: https://www.bbc.com/news/articles/c4n1l9g2wn9o
[2024-05-12T14:25:44.550+0000] {mlops_dag.py:77} INFO - No data extracted for https://www.bbc.com/news/articles/c4n1l9g2wn9o
[2024-05-12T14:25:44.716+0000] {mlops_dag.py:33} WARNING - No valid title or description for URL: https://www.bbc.com/news/world-us-canada-68991796
[2024-05-12T14:25:44.718+0000] {mlops_dag.py:77} INFO - No data extracted for https://www.bbc.com/news/world-us-canada-68991796
[2024-05-12T14:25:44.885+0000] {mlops_dag.py:33} WARNING - No valid title or description for URL: https://www.bbc.com/news/world-us-canada-68996066
[2024-05-12T14:25:44.886+0000] {mlops_dag.py:77} INFO - No data extracted for https://www.bbc.com/news/world-us-canada-68996066
[2024-05-12T14:25:45.054+0000] {mlops_dag.py:33} WARNING - No valid title or description for URL: https://www.bbc.com/news/world-us-canada-68996062
[2024-05-12T14:25:45.055+0000] {mlops_dag.py:77} INFO - No data extracted for https://www.bbc.com/news/world-us-canada-68996062
[2024-05-12T14:25:45.220+0000] {mlops_dag.py:33} WARNING - No valid title or description for URL: https://www.bbc.com/news/articles/cyxepvdewkno
[2024-05-12T14:25:45.222+0000] {mlops_dag.py:77} INFO - No data extracted for https://www.bbc.com/news/articles/cyxepvdewkno
[2024-05-12T14:25:45.393+0000] {mlops_dag.py:33} WARNING - No valid title or description for URL: https://www.bbc.com/news/articles/crgy7xypwj8o
[2024-05-12T14:25:45.394+0000] {mlops_dag.py:77} INFO - No data extracted for https://www.bbc.com/news/articles/crgy7xypwj8o
[2024-05-12T14:25:45.571+0000] {mlops_dag.py:33} WARNING - No valid title or description for URL: https://www.bbc.com/news/articles/c4n1wze72kdo
[2024-05-12T14:25:45.572+0000] {mlops_dag.py:77} INFO - No data extracted for https://www.bbc.com/news/articles/c4n1wze72kdo
[2024-05-12T14:25:45.738+0000] {mlops_dag.py:33} WARNING - No valid title or description for URL: https://www.bbc.com/news/world-asia-68994876
[2024-05-12T14:25:45.739+0000] {mlops_dag.py:77} INFO - No data extracted for https://www.bbc.com/news/world-asia-68994876
[2024-05-12T14:25:46.140+0000] {mlops_dag.py:33} WARNING - No valid title or description for URL: https://www.bbc.com/news/world-australia-68871869
[2024-05-12T14:25:46.142+0000] {mlops_dag.py:77} INFO - No data extracted for https://www.bbc.com/news/world-australia-68871869
[2024-05-12T14:25:46.311+0000] {mlops_dag.py:33} WARNING - No valid title or description for URL: https://www.bbc.com/news/world-australia-68989354
[2024-05-12T14:25:46.312+0000] {mlops_dag.py:77} INFO - No data extracted for https://www.bbc.com/news/world-australia-68989354
[2024-05-12T14:25:46.711+0000] {mlops_dag.py:33} WARNING - No valid title or description for URL: https://www.bbc.com/news/articles/cjq5gky4e5no
[2024-05-12T14:25:46.713+0000] {mlops_dag.py:77} INFO - No data extracted for https://www.bbc.com/news/articles/cjq5gky4e5no
[2024-05-12T14:25:46.877+0000] {mlops_dag.py:33} WARNING - No valid title or description for URL: https://www.bbc.com/news/articles/cll451q4l55o
[2024-05-12T14:25:46.878+0000] {mlops_dag.py:77} INFO - No data extracted for https://www.bbc.com/news/articles/cll451q4l55o
[2024-05-12T14:25:47.290+0000] {mlops_dag.py:33} WARNING - No valid title or description for URL: https://www.bbc.com/news/uk-politics-68999212
[2024-05-12T14:25:47.292+0000] {mlops_dag.py:77} INFO - No data extracted for https://www.bbc.com/news/uk-politics-68999212
[2024-05-12T14:25:47.737+0000] {mlops_dag.py:33} WARNING - No valid title or description for URL: https://www.bbc.com/news/uk-politics-68999212
[2024-05-12T14:25:47.739+0000] {mlops_dag.py:77} INFO - No data extracted for https://www.bbc.com/news/uk-politics-68999212
[2024-05-12T14:25:47.919+0000] {mlops_dag.py:33} WARNING - No valid title or description for URL: https://www.bbc.com/news/world-middle-east-68998654
[2024-05-12T14:25:47.920+0000] {mlops_dag.py:77} INFO - No data extracted for https://www.bbc.com/news/world-middle-east-68998654
[2024-05-12T14:25:48.086+0000] {mlops_dag.py:33} WARNING - No valid title or description for URL: https://www.bbc.com/news/articles/c51n40vp800o
[2024-05-12T14:25:48.088+0000] {mlops_dag.py:77} INFO - No data extracted for https://www.bbc.com/news/articles/c51n40vp800o
[2024-05-12T14:25:48.255+0000] {mlops_dag.py:33} WARNING - No valid title or description for URL: https://www.bbc.com/news/articles/cer3mr09vzxo
[2024-05-12T14:25:48.256+0000] {mlops_dag.py:77} INFO - No data extracted for https://www.bbc.com/news/articles/cer3mr09vzxo
[2024-05-12T14:25:48.434+0000] {mlops_dag.py:33} WARNING - No valid title or description for URL: https://www.bbc.com/news/articles/c4n1jwel080o
[2024-05-12T14:25:48.436+0000] {mlops_dag.py:77} INFO - No data extracted for https://www.bbc.com/news/articles/c4n1jwel080o
[2024-05-12T14:25:48.601+0000] {mlops_dag.py:33} WARNING - No valid title or description for URL: https://www.bbc.com/news/articles/c51n5lppw8vo
[2024-05-12T14:25:48.603+0000] {mlops_dag.py:77} INFO - No data extracted for https://www.bbc.com/news/articles/c51n5lppw8vo
[2024-05-12T14:25:48.785+0000] {mlops_dag.py:33} WARNING - No valid title or description for URL: https://www.bbc.com/news/articles/cd1353v5p5xo
[2024-05-12T14:25:48.786+0000] {mlops_dag.py:77} INFO - No data extracted for https://www.bbc.com/news/articles/cd1353v5p5xo
[2024-05-12T14:25:48.954+0000] {mlops_dag.py:33} WARNING - No valid title or description for URL: https://www.bbc.com/news/articles/c99z7wwq1lgo
[2024-05-12T14:25:48.955+0000] {mlops_dag.py:77} INFO - No data extracted for https://www.bbc.com/news/articles/c99z7wwq1lgo
[2024-05-12T14:25:49.120+0000] {mlops_dag.py:33} WARNING - No valid title or description for URL: https://www.bbc.com/news/business-68977522
[2024-05-12T14:25:49.122+0000] {mlops_dag.py:77} INFO - No data extracted for https://www.bbc.com/news/business-68977522
[2024-05-12T14:25:49.289+0000] {mlops_dag.py:33} WARNING - No valid title or description for URL: https://www.bbc.com/news/articles/cv2j0v237vko
[2024-05-12T14:25:49.290+0000] {mlops_dag.py:77} INFO - No data extracted for https://www.bbc.com/news/articles/cv2j0v237vko
[2024-05-12T14:25:49.457+0000] {mlops_dag.py:33} WARNING - No valid title or description for URL: https://www.bbc.com/news/business-68983741
[2024-05-12T14:25:49.459+0000] {mlops_dag.py:77} INFO - No data extracted for https://www.bbc.com/news/business-68983741
[2024-05-12T14:25:49.628+0000] {mlops_dag.py:33} WARNING - No valid title or description for URL: https://www.bbc.com/news/articles/cmm3gzz1dj3o
[2024-05-12T14:25:49.629+0000] {mlops_dag.py:77} INFO - No data extracted for https://www.bbc.com/news/articles/cmm3gzz1dj3o
[2024-05-12T14:25:49.799+0000] {mlops_dag.py:33} WARNING - No valid title or description for URL: https://www.bbc.com/news/articles/cv2j18le9e3o
[2024-05-12T14:25:49.801+0000] {mlops_dag.py:77} INFO - No data extracted for https://www.bbc.com/news/articles/cv2j18le9e3o
[2024-05-12T14:25:49.977+0000] {mlops_dag.py:33} WARNING - No valid title or description for URL: https://www.bbc.com/future/article/20240510-how-sci-fi-writer-jg-ballards-computer-poems-predicted-chatgpt
[2024-05-12T14:25:49.978+0000] {mlops_dag.py:77} INFO - No data extracted for https://www.bbc.com/future/article/20240510-how-sci-fi-writer-jg-ballards-computer-poems-predicted-chatgpt
[2024-05-12T14:25:50.374+0000] {mlops_dag.py:33} WARNING - No valid title or description for URL: https://www.bbc.com/news/technology-68972855
[2024-05-12T14:25:50.376+0000] {mlops_dag.py:77} INFO - No data extracted for https://www.bbc.com/news/technology-68972855
[2024-05-12T14:25:50.545+0000] {mlops_dag.py:33} WARNING - No valid title or description for URL: https://www.bbc.com/news/articles/c03drw23zewo
[2024-05-12T14:25:50.547+0000] {mlops_dag.py:77} INFO - No data extracted for https://www.bbc.com/news/articles/c03drw23zewo
[2024-05-12T14:25:50.715+0000] {mlops_dag.py:33} WARNING - No valid title or description for URL: https://www.bbc.com/news/entertainment-arts-68993726
[2024-05-12T14:25:50.717+0000] {mlops_dag.py:77} INFO - No data extracted for https://www.bbc.com/news/entertainment-arts-68993726
[2024-05-12T14:25:50.886+0000] {mlops_dag.py:33} WARNING - No valid title or description for URL: https://www.bbc.com/culture/article/20240510-abba-was-somewhat-of-a-dirty-word-how-the-pop-bands-1974-eurovision-win-divided-sweden
[2024-05-12T14:25:50.887+0000] {mlops_dag.py:77} INFO - No data extracted for https://www.bbc.com/culture/article/20240510-abba-was-somewhat-of-a-dirty-word-how-the-pop-bands-1974-eurovision-win-divided-sweden
[2024-05-12T14:25:51.055+0000] {mlops_dag.py:33} WARNING - No valid title or description for URL: https://www.bbc.com/news/world-us-canada-68993672
[2024-05-12T14:25:51.056+0000] {mlops_dag.py:77} INFO - No data extracted for https://www.bbc.com/news/world-us-canada-68993672
[2024-05-12T14:25:52.311+0000] {mlops_dag.py:33} WARNING - No valid title or description for URL: https://www.bbc.com/news/in-pictures-68995685
[2024-05-12T14:25:52.312+0000] {mlops_dag.py:77} INFO - No data extracted for https://www.bbc.com/news/in-pictures-68995685
[2024-05-12T14:25:52.484+0000] {mlops_dag.py:33} WARNING - No valid title or description for URL: https://www.bbc.com/news/articles/c4n1wze72kdo
[2024-05-12T14:25:52.485+0000] {mlops_dag.py:77} INFO - No data extracted for https://www.bbc.com/news/articles/c4n1wze72kdo
[2024-05-12T14:25:52.656+0000] {mlops_dag.py:33} WARNING - No valid title or description for URL: https://www.bbc.com/news/articles/c4n104z0xklo
[2024-05-12T14:25:52.657+0000] {mlops_dag.py:77} INFO - No data extracted for https://www.bbc.com/news/articles/c4n104z0xklo
[2024-05-12T14:25:52.824+0000] {mlops_dag.py:33} WARNING - No valid title or description for URL: https://www.bbc.com/news/world-latin-america-68979430
[2024-05-12T14:25:52.825+0000] {mlops_dag.py:77} INFO - No data extracted for https://www.bbc.com/news/world-latin-america-68979430
[2024-05-12T14:25:52.993+0000] {mlops_dag.py:33} WARNING - No valid title or description for URL: https://www.bbc.com/news/articles/c1ej1kk0d88o
[2024-05-12T14:25:52.995+0000] {mlops_dag.py:77} INFO - No data extracted for https://www.bbc.com/news/articles/c1ej1kk0d88o
[2024-05-12T14:25:53.401+0000] {mlops_dag.py:33} WARNING - No valid title or description for URL: https://www.bbc.com/news/health-68992772
[2024-05-12T14:25:53.403+0000] {mlops_dag.py:77} INFO - No data extracted for https://www.bbc.com/news/health-68992772
[2024-05-12T14:25:53.824+0000] {mlops_dag.py:33} WARNING - No valid title or description for URL: https://www.bbc.com/travel/article/20240504-guacachile-a-time-honoured-guacamole-lookalike
[2024-05-12T14:25:53.825+0000] {mlops_dag.py:77} INFO - No data extracted for https://www.bbc.com/travel/article/20240504-guacachile-a-time-honoured-guacamole-lookalike
[2024-05-12T14:25:53.997+0000] {mlops_dag.py:33} WARNING - No valid title or description for URL: https://www.bbc.com/travel/article/20240426-from-ancient-egypt-to-roman-britain-brewers-are-reviving-beers-from-the-past
[2024-05-12T14:25:53.999+0000] {mlops_dag.py:77} INFO - No data extracted for https://www.bbc.com/travel/article/20240426-from-ancient-egypt-to-roman-britain-brewers-are-reviving-beers-from-the-past
[2024-05-12T14:25:54.172+0000] {mlops_dag.py:33} WARNING - No valid title or description for URL: https://www.bbc.com/travel/article/20240421-matzah-ball-soup-a-new-take-on-a-jewish-classic
[2024-05-12T14:25:54.173+0000] {mlops_dag.py:77} INFO - No data extracted for https://www.bbc.com/travel/article/20240421-matzah-ball-soup-a-new-take-on-a-jewish-classic
[2024-05-12T14:25:54.367+0000] {mlops_dag.py:33} WARNING - No valid title or description for URL: https://www.bbc.com/travel/article/20240418-the-ingenious-wines-birthed-from-black-volcanic-craters
[2024-05-12T14:25:54.368+0000] {mlops_dag.py:77} INFO - No data extracted for https://www.bbc.com/travel/article/20240418-the-ingenious-wines-birthed-from-black-volcanic-craters
[2024-05-12T14:25:54.545+0000] {mlops_dag.py:33} WARNING - No valid title or description for URL: https://www.bbc.com/travel/article/20240510-an-insiders-guide-to-san-franciscos-mission-district
[2024-05-12T14:25:54.547+0000] {mlops_dag.py:77} INFO - No data extracted for https://www.bbc.com/travel/article/20240510-an-insiders-guide-to-san-franciscos-mission-district
[2024-05-12T14:25:54.720+0000] {mlops_dag.py:33} WARNING - No valid title or description for URL: https://www.bbc.com/travel/article/20240510-siquijor-a-paradise-island-with-a-reputation-for-witchcraft
[2024-05-12T14:25:54.722+0000] {mlops_dag.py:77} INFO - No data extracted for https://www.bbc.com/travel/article/20240510-siquijor-a-paradise-island-with-a-reputation-for-witchcraft
[2024-05-12T14:25:54.892+0000] {mlops_dag.py:33} WARNING - No valid title or description for URL: https://www.bbc.com/travel/article/20240508-a-solution-for-working-parents-who-want-to-travel
[2024-05-12T14:25:54.893+0000] {mlops_dag.py:77} INFO - No data extracted for https://www.bbc.com/travel/article/20240508-a-solution-for-working-parents-who-want-to-travel
[2024-05-12T14:25:55.073+0000] {mlops_dag.py:33} WARNING - No valid title or description for URL: https://www.bbc.com/travel/article/20240508-celebrity-chef-alexandre-mazzias-favourite-ways-to-enjoy-marseille-during-the-olympics-and-beyond
[2024-05-12T14:25:55.075+0000] {mlops_dag.py:77} INFO - No data extracted for https://www.bbc.com/travel/article/20240508-celebrity-chef-alexandre-mazzias-favourite-ways-to-enjoy-marseille-during-the-olympics-and-beyond
[2024-05-12T14:26:23.042+0000] {taskinstance.py:441} INFO - ::group::Post task execution logs
[2024-05-12T14:26:23.042+0000] {taskinstance.py:2905} ERROR - Task failed with exception
Traceback (most recent call last):
  File "/home/airflow/.local/lib/python3.12/site-packages/urllib3/connectionpool.py", line 793, in urlopen
    response = self._make_request(
               ^^^^^^^^^^^^^^^^^^^
  File "/home/airflow/.local/lib/python3.12/site-packages/urllib3/connectionpool.py", line 537, in _make_request
    response = conn.getresponse()
               ^^^^^^^^^^^^^^^^^^
  File "/home/airflow/.local/lib/python3.12/site-packages/urllib3/connection.py", line 466, in getresponse
    httplib_response = super().getresponse()
                       ^^^^^^^^^^^^^^^^^^^^^
  File "/usr/local/lib/python3.12/http/client.py", line 1428, in getresponse
    response.begin()
  File "/usr/local/lib/python3.12/http/client.py", line 331, in begin
    version, status, reason = self._read_status()
                              ^^^^^^^^^^^^^^^^^^^
  File "/usr/local/lib/python3.12/http/client.py", line 300, in _read_status
    raise RemoteDisconnected("Remote end closed connection without"
http.client.RemoteDisconnected: Remote end closed connection without response

During handling of the above exception, another exception occurred:

Traceback (most recent call last):
  File "/home/airflow/.local/lib/python3.12/site-packages/requests/adapters.py", line 486, in send
    resp = conn.urlopen(
           ^^^^^^^^^^^^^
  File "/home/airflow/.local/lib/python3.12/site-packages/urllib3/connectionpool.py", line 847, in urlopen
    retries = retries.increment(
              ^^^^^^^^^^^^^^^^^^
  File "/home/airflow/.local/lib/python3.12/site-packages/urllib3/util/retry.py", line 470, in increment
    raise reraise(type(error), error, _stacktrace)
          ^^^^^^^^^^^^^^^^^^^^^^^^^^^^^^^^^^^^^^^^
  File "/home/airflow/.local/lib/python3.12/site-packages/urllib3/util/util.py", line 38, in reraise
    raise value.with_traceback(tb)
  File "/home/airflow/.local/lib/python3.12/site-packages/urllib3/connectionpool.py", line 793, in urlopen
    response = self._make_request(
               ^^^^^^^^^^^^^^^^^^^
  File "/home/airflow/.local/lib/python3.12/site-packages/urllib3/connectionpool.py", line 537, in _make_request
    response = conn.getresponse()
               ^^^^^^^^^^^^^^^^^^
  File "/home/airflow/.local/lib/python3.12/site-packages/urllib3/connection.py", line 466, in getresponse
    httplib_response = super().getresponse()
                       ^^^^^^^^^^^^^^^^^^^^^
  File "/usr/local/lib/python3.12/http/client.py", line 1428, in getresponse
    response.begin()
  File "/usr/local/lib/python3.12/http/client.py", line 331, in begin
    version, status, reason = self._read_status()
                              ^^^^^^^^^^^^^^^^^^^
  File "/usr/local/lib/python3.12/http/client.py", line 300, in _read_status
    raise RemoteDisconnected("Remote end closed connection without"
urllib3.exceptions.ProtocolError: ('Connection aborted.', RemoteDisconnected('Remote end closed connection without response'))

During handling of the above exception, another exception occurred:

Traceback (most recent call last):
  File "/home/airflow/.local/lib/python3.12/site-packages/airflow/models/taskinstance.py", line 465, in _execute_task
    result = _execute_callable(context=context, **execute_callable_kwargs)
             ^^^^^^^^^^^^^^^^^^^^^^^^^^^^^^^^^^^^^^^^^^^^^^^^^^^^^^^^^^^^^
  File "/home/airflow/.local/lib/python3.12/site-packages/airflow/models/taskinstance.py", line 432, in _execute_callable
    return execute_callable(context=context, **execute_callable_kwargs)
           ^^^^^^^^^^^^^^^^^^^^^^^^^^^^^^^^^^^^^^^^^^^^^^^^^^^^^^^^^^^^
  File "/home/airflow/.local/lib/python3.12/site-packages/airflow/models/baseoperator.py", line 400, in wrapper
    return func(self, *args, **kwargs)
           ^^^^^^^^^^^^^^^^^^^^^^^^^^^
  File "/home/airflow/.local/lib/python3.12/site-packages/airflow/operators/python.py", line 235, in execute
    return_value = self.execute_callable()
                   ^^^^^^^^^^^^^^^^^^^^^^^
  File "/home/airflow/.local/lib/python3.12/site-packages/airflow/operators/python.py", line 252, in execute_callable
    return self.python_callable(*self.op_args, **self.op_kwargs)
           ^^^^^^^^^^^^^^^^^^^^^^^^^^^^^^^^^^^^^^^^^^^^^^^^^^^^^
  File "/opt/airflow/dags/mlops_dag.py", line 135, in <lambda>
    python_callable=lambda: load(transform(extract())),
                                           ^^^^^^^^^
  File "/opt/airflow/dags/mlops_dag.py", line 63, in extract
    response = requests.get(base_url)
               ^^^^^^^^^^^^^^^^^^^^^^
  File "/home/airflow/.local/lib/python3.12/site-packages/requests/api.py", line 73, in get
    return request("get", url, params=params, **kwargs)
           ^^^^^^^^^^^^^^^^^^^^^^^^^^^^^^^^^^^^^^^^^^^^
  File "/home/airflow/.local/lib/python3.12/site-packages/requests/api.py", line 59, in request
    return session.request(method=method, url=url, **kwargs)
           ^^^^^^^^^^^^^^^^^^^^^^^^^^^^^^^^^^^^^^^^^^^^^^^^^
  File "/home/airflow/.local/lib/python3.12/site-packages/requests/sessions.py", line 589, in request
    resp = self.send(prep, **send_kwargs)
           ^^^^^^^^^^^^^^^^^^^^^^^^^^^^^^
  File "/home/airflow/.local/lib/python3.12/site-packages/requests/sessions.py", line 703, in send
    r = adapter.send(request, **kwargs)
        ^^^^^^^^^^^^^^^^^^^^^^^^^^^^^^^
  File "/home/airflow/.local/lib/python3.12/site-packages/requests/adapters.py", line 501, in send
    raise ConnectionError(err, request=request)
requests.exceptions.ConnectionError: ('Connection aborted.', RemoteDisconnected('Remote end closed connection without response'))
[2024-05-12T14:26:23.058+0000] {taskinstance.py:1206} INFO - Marking task as FAILED. dag_id=web_article_scraping, task_id=load, run_id=manual__2024-05-12T14:21:34.924437+00:00, execution_date=20240512T142134, start_date=20240512T142534, end_date=20240512T142623
[2024-05-12T14:26:23.069+0000] {standard_task_runner.py:110} ERROR - Failed to execute job 43 for task load (('Connection aborted.', RemoteDisconnected('Remote end closed connection without response')); 3312)
[2024-05-12T14:26:23.092+0000] {local_task_job_runner.py:240} INFO - Task exited with return code 1
[2024-05-12T14:26:23.108+0000] {taskinstance.py:3498} INFO - 0 downstream tasks scheduled from follow-on schedule check
[2024-05-12T14:26:23.113+0000] {local_task_job_runner.py:222} INFO - ::endgroup::
